761339185448112386479
92347082311479311152624125611581985013229525360798233014837166941890552084677346850823835825
20385808245551259398366824793279935149111699344257119190839475152873709332
98705357313737768893679901985427696331831794646719160517829248341131
7599474109493958822
9274523820115788646166451566792649227566121832367761875013804339
1147919911418819368797864124945497777716647235660555199398562877662503232595168
640771942678724384
93322644831729464576078992189212689371607072559627991
1032348876705581662
99449086262990454497045217977729922436358024938830652536398548
92856844142904667991224946710727534049161928434746315708077508961
4909955223496933848390975514192356798903520711270602514918144236591837805197
7824411313699063604254371642494807475821036196311465294490162366108879317895917249808865683
6594517725773895344964625071309552503910408359283057222638298594321571625366
3158524117665398284582
64444891347728806243512497187252182575523106241161369619583959588291
588557745364873505635515613824710702849244633376371569950605556192961836916857751363317193227416028
9440431019109167911524603386893444666214172217442161991416946083723270144691822333761243057048797417
69577239498474276864797561346527356145743285136043812211991688182691789
57512852309313635088231124239420765760578150805980801854426944517224327069182057933134167754448766
688127481445256669859387562934531631741560752430296817
8516264161661712428213518969811938126622282634958453026627899
263627024854747822355328616613634047789062372848550843648389911607696598055425511264212445575372679602951
5429321955657983143963693371801113445620209374782435
32262961828480374911721550878583581795236234334481812725714737982950
82691493413096806779398426629829632777644133161
307298476196199124395926227319953949735523064802666
67356049595896657791689512346791651896111631159896952462601981473130642782319874061444956495128291245075
2669503462377265687952754283271896187234625465369253814517383753478471286862191611574403470595847363
6927885271799304234317528948515434377525989199397722503578239881235601934436169987873
577332328428385308199954515365216
5488948038781543642111327349421707952789851325543721658545127492922979258367674733468127675158
8221464785137369223421482665775790132496095541367493944674368881999925635
2122794787564776981388190932379676873654228343199852355727638949817938525501447
28739735216717882665868
53246577037150726535506714950529
627453614021753294576897425488242944614368430384379136133562379364882435311402971372378784872261
35143261684388181089196046483648816419907023643496409739149764344559612988582612617373509738373
4368423064349137254066203621171715483328037653396727744171084399466
5793549597886809539317436811194872616677289293981755736315296016403854
937686686420315859867177632666441799197436744117345858256430101064930222161328047496230
99752973633158090253867412177517978
99953431943840920681919
4558412384637291330504382292163837310184584514811333528349718399563798855129879411691526528889224594319060645545
91651691509381661428662636744617358186367155555072263251204432856123886565420377298
5585267017925540159708976129294175882
7443688621634635595189273
659613345222216667683577507880763469
85505940463033717194371948706524438681163418332184674249642799756897575321809958047801749765569401473812258
269784224596944927493059494059967228
3615885040692451768377739119493409464674346279286384158673958556475476829504413276956981911386575588738553597594
338049397963847888844536713965847356490141074516385789773948774336681246569649228475831118576192371
86205395797889665274843350505415117699861252502010112933341660203713
8014337123418227911366566877392406181626274548
0156187109258392580752513
846327659413885405780479511711638662509669883141158545432386912
538714934446929157634421159239717843712552979642707561856595224496896
1189981202261185899198432815102237372856453961674363359181354971118
806844313928341995969433867441311429991734532547775117825961045404184202755682449536224
9096449914314917812664142433852883093723208071962924585704956648953279517610634251578641974242997975
23602634669638611438
7279262355759327274662371859916271529482924576835628905326732557991137546925493
32388568744268637551125673661634226
9065293948841640665548227888781785564221115993036146453922272939562087923779
7933236811925319482782152713194059647933916072998011441791556222883790512995223023445501764422881216172
241349208340754514158251863040937544917714551942369256612541379190577482327149995541768
143453511671283624975181053114796
7088884137874643566621332361837
5030051587013638160598768812856741795206151381516715134609872108172139142265476866515544695
139922612824128539215664239762312906666872347375013354576710
186075807569838555259482149338076648299766085428235622141673322806456704741777235112536965126087648947493155253930
497658744304251204465558993155230668832527063444360495997353986313588430111544287185213837447836
51534312543614258125717065667077826655351794341834771718712361143568694810276067503033170109918674224647638194
55577668236336931198727266
994055613973284395279010
9613435411229402268994640176994686112907599522883785492681146939568168123442803388722
7071209924476019224997503540644797238473772416957304259
2963338087339259559368624355546059868449857321
3093789150706483246895152340353736909248130325115582442155513844488676923692544169267927574569193
365034293039739751637
565641509836365623417689568824199882143313779489708015606739
80187317682929958345598587596924181508999895931567199953974289097
8915922322903449392642208442613583216740441887844415934412978547622775065630442947678
1372113212555003947678543804622342296632413797617217146516084643295499725197949816794296251682
462378775247982393493577656724666427181321683052
777861769559517336320867814871343523320714947896320945727223123677974780
849121625782852136172841071252591342215589816613445583426816962249176815143364175808029
731228887026573112544246322368
5923801079652797232777535342617146639927571578265551488236187343619451584241285141138289125949653985889619533
27983261345158503582149586860948837282138921507769698273542705311138762728949656974464579152136386264
3329976725194545656896199237209893174357278661404948665894383791592
71872585999666472748569782941176954622512620136063891138811161683646198464181264243342526602680745181522347128636
914486584875329213
291879485384140465591731480727114892353361106948152392807174836213770517040972632
644663783686832147464347616691949017775230648177453032949593210719096664955274266258560152892032
657273472723744758418483277122781192199966116480364096125720865648
7488175958659135777117489216969928607
02813574999664991252379948290592625889794888963858843974823464852595753102321125339560237860953547847610211753
2864653275748585508739511372982547511995398468974
33767056652746420232225
067109866997322616436897378864652
12139212109376319314515066701265366390112454476579255226291172942465686108269348205154269327984229082889
663034954158891723475586822441309699
682969535111138009140182126661484783605538468914877162866953750746054862586381726990527557888240
314678973450127219657969919175776961688687772891523780863080766127541013422852339174531607260
2867735748656185974815772428478391783135558532455368428966662258587343349671144863168
9858578171124076364712727593889862477209816880351219663286533144101267744446252563579172569
9876117944916657103241
72440851227415689456476258224637344136675105894192026602116336569707796638537950148684688421
879055490496872282893961359173588139974382469466089308112102054176966737
18249583351319247818988178742243491667561640103391752994851697247528122332904182241956789542701612669188311
6255931785835387059221204887212
6897367154269559732135794181677482612864823601276641028
349445476872331365596931156178638742287666204279534259
743821208350475022151445571350341680494878799197888186124149207482
2072577997712583297797785243113485901794833066
938259342755426328576556311364091445527831896849833311186946129805556863388726144877380
47243825562745576249401567106268919475473398757708344951623816348198856983313603453282
225836505769599726818070294846101194825150803715417120692588110464750566961539594331875826486451068
48862741574762358725873425379094509541968059
235860337894578952472424349111127897376787
3424661584382959968945265090445677629163935427245264
3035374862415156321269570535386940811477237726147216647141994773306379453043195690896143
9412141243379418427544484173009786839054827436355479149351056992468431415131842681478854478358213253695
83656496791592391844486985951685319823257791092612417507169756758356
151869516271215969757847358369794445494669187375945631893599745070
43717318177778960996857
5513882941823724717223307774041789664511465294464143
8796653848794182470
94722620241998208318708231597674862613828466197112379635794529517149279099482552352535188411922289557424244588
23923852436153235147176575854927690556813442570181461690599655207047612370658093933751478179908899332
3787119683080863480568242314711980010338190213245657709889380
609410415044353448944598949804683333656533637537263485271246418345
922788602933502979331416907915365776953819329461163513193968624823853158834
4863647964698621477278052562615727847177485418234624638071368034
5074507273575153627807779107697366190443637
699188277921428661652
39387102517423593917173367952288474479874657791237462889375392829354
4894553917142585104725991569689657512
9163873597809057423839730216455587454833546913135575889598422347938968980538371
533097888231423581214410239989838311388273283162984983293318523284563359386172532
5313118924492349305412399162238493860735323766462893667436095967373750
999015632967744370123951778713492122259
7528668910262621718779876553712567742185544199757939647616683734104760129778287
423130199857923562896119802062288831
41133553746488139247552329277438199060686458683621962541451452786
33867953774711914557736
26749294106543876999166887768418059828963599153696256123595296139752356706377795495
63916746944715643389391156932537463922390725429460247143403259145455371098285541
354615616160635212886429266661562580217354
162790726934865680169931385462673468177186
458467038833276375318491740417061343646326219378288868219365599879635725550478634
269777878313341675559941378
952498372445527942658010206599894
8062393767483132785090267509479616759170
321330916376857484865456766290967990225442835439998182212155386
977898987242853940767460993882596497245539734641571456621749184596976154689382945333387924936474642
67483782918385409235975097362668766187573613732090969460331360702189234276396141299
13825532063418928146119107314321916542338899125247
98423212248896763376531326213343395577744962
7467052839894166218
955947129050399316257825325551336966
3334486984428547139357604572467113923887002077525447184042474902558856257985515585972305319497558267
96596143301383475801185657343
10738734564465504120846028919875241753423802314668887614672329657855122
952457751566626870322165875440220804133849566667135118879115341572930902450125624774378179750509183865239
4563891475781477874419119531197161634930129980334675573
292717727422508851388570132532131436445483774894411621638434355157077
28569550979430341818381567939323828934
73391285571673338629293738604121
398579587924811365161023894924695647752980
613122442269713543872856253998021613
27321926590673632076649472386332516970237
665219686581479752255658330683583297317012637382854941703099873218797516
3151611533297091136822353237866
745396857224922176511632821945495226
394018267255863930964628875365112993356049899520864472121667515685292993162075126635171206313096589097
17868241999882554632363948561412747063989078512074963236148404882339981421888885247985
975815135669177818694193824234822419815761354512069806532655129320685164283034492327311713149433955146
4855708061245868365289563536853985616617788083721378765913255968954081715015924216584749586905655935854259507235
1221560133831634091188259763063236858073166758102660351422727843789056682219865899176177339
972115134025761838113260836331353118227829092723368896603009367749544501482619842976197106784494
17873837233757601752418515760563672826846852988491147858624552514924951
496334767182936949599818779230843414387365195539921392790892864235687575056589546069844068386666483257122
17106892982189298765831972766389949520259011499143389799738381
996126232741765706713121239625495607324626439719663123822314818440463336428568393684732305379422755
7552375306802930614630606156545743399390622938488850993321
1132191765499926952987885936542485787391916291956791842145791230998195080739561605599542041
809348972367554389955353119653001282328677949884934486593466434157954
927289273945856196794959640468033503771923376657545117879552213568232434341118989
3592143729379952756561801025104280126367709799149241778282366317283054967513
752633523675324990521939518531926265745181437911504130555425
5111334038184180706019219826660689211493643123884424538192320718656376234569316
143033755077385165816331757498772480063856339616748
27739895825593615105349255766835826608266097447537542371177643727744752853568488917
3585662689020808864777214914852730745442159429799098486396832449744947025348632118347745138191964407858495748
64479388519032981293299949672873
33231250159181709165873645113679345655879857146168171207454338758296775827644921609514274012939819
916128569045217420486069847454912699937
4638145127688475782
50388210235156558153664305858674229439528685172188840405482904464534651206462880684482782172834567
188435587675645818874237784323408375602857388258
55827873114811428428522887825955620704856458842
136284204414939780261228689264077517256137951045937081
060833681283747783763858147936694123865513336558263540
777346359889885922619766681842909586588756714621235635759435314122298211867489
636310769627862314264571187964
8478858297371743639887616433979567753253504632957022734497470805957762285299679227358718149285417690927474
77183026925358358361886406958496407114663519991414317688314455396239849821597019456288246844217500321075
9263786603238330417836439361143649980616305908459757954209485265417818999867345046891103375991334
1154111473797838106116853884475520293160437887355856744116334799979382292373398489762325233045413
97759330602731251781466
3026687547722916489915259444484882893570834886595951
4638411919207846535807258424988446983981060318021751970795327791434810152666
465224415312857547358576665284136517241534932
9156359530192981218348331299192451214413322647664273831
76543315906618224133528247350514644306925527420845837629675157738424
42389675903075263126722756
60672521646097457902537
406959889611971272495129584434186359392871887351897656265429
405872417795217945726136995733271312785338299466372020669096649
78632110604571631418
2526345553852197574929365885266852442373684702947374836887338512946567487642226835398875169124064602487902324
1263501545487212964954716941627829209420
37821076243401494643044797593439415393647434795215994788733377744533278546246976200
442793523842223689533529262163465116695166471
20777480728860125253632348189589425213783717653477344349371670
3915205947919877980424655389057527319506768646578312575776862168382768861472740286938837
394924951379107377157028479276956138973124372583475
109933148579614886871722997788876479689887054
6418698584793769328578285118359135903239419873750275941153202923666549535878066158484275201127451
905816171720297141104699760946487263055101457
2165912485466432035139364368627823755823119229497772168692592693836450497228572151853
903625735547355776725146827744773571123597097964313495118304296619347318698294285984987349612927
29849972494824683018294889
7855653651613145548106740695495999094714094478771737256529913
665524326979803298721467529413
77594849331109936616525178380931550729582226735783440254716597436433637588736755136
434435253995216481025799478173299547375295150594862466675093693541724189825957771237408736946063231165346072
7421970851620455959629424468240661040699521263169603873532717924814961976958829202518369885983869311322432
597652977411026259486167298121340932377
13327256671882320552974614760732461405395133947227236304631318010569833967353532639992795266313656607247
719524182675088644821122127669930179296910643568209540193359150119771959173559914732186584083289523873
45354764383455884516176475875186
1948643489931946982917579267495168357619267047657433437352918955914138045734883513159618370649276357198823672
972023397667806667257421361678022281692448208031196268433004151758079426045108571
3283315512479985572
913734335927843476329196191563255765903872285236392955183386902540152768812921731538408515
10143718687421252168275303211683660438290497381276854557245571622530120425488778170619238974
13259465182779351619811184264838838517435919187716977956827269718358526454325414788892267975639671
41528338314020556179259640771394323898981739909570
66898533308968217360938022736701335835968
669148938702749881687219876427149265
9088473233062435271109572193442983531142246499988801538277437024
5512895983517722932202885865141324091293443770395947895541476536507244736598459435329776359916265392290
507927853650395723353040857586205983979482
882794785978090614075164677835295339381617912063501597168785
1654934896788232335031385327729888577615921272428012277598958191442998325274674558
82594467376248170972326137759981050943917943759899325661173820135571982914179144340
516834114735493688192681448298339196965968782991651862952
66889601458946788659434560919471597273218290
7678882719426161671022496081837868957292645652779751435132178448209755366855
1692777170981843902540747115103750239268594040579576
3995713172422221397129089
60874973727895787309744772621806568514993465115110801895295493952982879888618703514996136807948328498131
3145452049932140457168765954958142981397133454486238293202676172448661721614932790433378675991931483265
8010142530412481750668624250175242213780591379789679626134954144616774542174712393
1896422523859849724157620943834288527724746991672573911882903692710444522284246431819899518463242937941959867
4082402863203138986766367733161339
48730956818977226198507166303121726677215425170911651979899480813624990365591
1452874626606433847928352193
1473346438961380846872702686751384125493461801497
52392544327405917367298729370421981784451862465237871721352552603148877175759325531
739685438082134280181859429072471576594624991784567616117418833372576698
886082992722314006186766056601684767944696777
528529444936269285068624268238144353757517333301734994139399414646379152153513663756071984168337825
101821656716791267725813
18253731439264165645
76612980714713766691678378889250907276793717261758869732410498539295638829345261354150769552666828
0223727626086694923603079996525556986901088185741372521351739
7196196533226851177
32197575816393395630647817655126555297526581799095942729790571617849881773737605367777119
71530776403854953382030517798686148190379129158321477889214523309
16185476903679678648803512372922515515729809722334345644
2038394981272801328810305673748188779170588892913189736992899835780628681761414289670
5142042121031565414456150546595341683446673273816069516292
93976838076994217197277788018
7483856566667771781227237676957224933324363923332
2778477126983683629758319777286982999914414372
9138965742391652269188094244247127126333060504178975894689587113384682875363212820547496962186799414959
89881848487120347401482774636576690316286471546455158985969989579912773320174724645903118034
966320201116368515844296054421806064952906561216422243891553567676944956
4873155493235104882123802659644836291918997194866644372237473315728328915948997
978539133375687766577486589350531725289083770417937356887944836798726562
807968663761689179947121284495873331820775695743117457811637128456509824932970645025244620648037252
139075246432573221701677726626595248198495744702176734581625949652191236764458
3570798987751468731526698599461145276922216627
632123217136942675081941621932808969798780766650513968783246935216776976
78522347544379343248657181423783937651236049166523834232111213426437897080684
70874964248495235321337030603672449937584153478224272
71230726665727584459233312549307890991548936995754574782569128512546573474673185436497975897270499548
951761214786420669326132123921432416874651823
72881866465366538833803670251435792674522250698224340
7072674091715727889510922798624124935392387132556952434727069269091761
2657949258481857839327074577969592268134437403498948165450811396251847388615649937823257446279127576
1099771067831209682566125055735856183732214628357893
943016945979134291149009156
63385220841429403216182531242013926672713166639756158912278376178748268152721362491627153420595292313510
50717677674948971489616749896529641294497318631590747059794661322
79195572808233272853266756136753323463268361763870750625625988744541177364446449838357483
89256723935109626323184022536286913641370801551624531987858124432379946493
64496221864290515856213823266473125341785996117292646737737175217561636564212138119616184448
65812978508470143740626115833628465392192730302347019479650642931427915644670
32845315728113262584538672876748546398189281122449762219996052361319846858671219179882038
92711862169974920501420274243887439885808556276884296
1671743433428683486
5812748250137849981086664629471173577944836677255237599048591608583639813129624505588644947757455518402148662537
8537689822461731725699375768239262967086227127957145
229146596044341657853028795751396
63358137586084295756907948369160802576373213191292761757252088883325464510282181881185472788649623332094
70152294207434871264743458925291635816414465
5172139788356410828484164443283995437574742496201734582
33793082681799309935156832104835103721921420646737
7227805758629226809157317824511086045485570
844025513096152239611825836090466922
2535327733328435293399370912367587742640766544377905881674755888488206991731430668573414327046386223556
49709616263711440113561260278578125819684241
39088625436376031355556947665686916366940646569758844062268076808439563670
2581919237991368719088356657427693343871156635155939762382534739793251099128152521718611194698857765
1699273715419071154064925064432689138701232771069627738795343122346446517
813569759406568933395886868
95346143204445439041975214417229067148357632665394851321329934
7921636914242967392274131293287281353670395485475704945
6691108116390713262025200501368660887766268293963855416695605759325964532971587435379641
8252758862147676974271570292772547
19152662206359149068969495481166094457521667497218174694361405887231213454433933981977249
9418336237895959233328664768258622841885385734624549596456305074631264571232856
5523239497313585362011829765294521857571129183769665176155422227746167429511266242302140306662674285318521781
994643169932985685937327713557734955952
46951031687012478073944556338860589737907450455236931189549087491196971
5157634814263902697981640241837767304096853083868354
38255895886966976144951160
3172643855486928721787076862566633561519322179135143847267335579799474485969172713356590
2514327188262231607042255074579931138527564466979246032537983788639709
3250473727446155938841582438513679745723443614381536591608823
1212615966181843868746230132098375493504975367666474174465398645263598173962796499216
22923224678743855150787896841756022358731166080445629362428709920223408966779368
644088214062568093244025684965773342772781479970137615813286
747165887945823375972866681125260845941841063978779311965294492
803158143495745834403946449982569266665616
94637612958959991305278372725241285423013356616760218926957398433517923627888143166310442723292153945671111531
558371748974289918492769379562564474440824498951096517482244637
6348444499149327848236925953395645210961610926737744483633
450233646830021992142431702153221721846241218885544010834412584877783077
2246255316475838163275
96671053235064695281695574677877831925814935525842457592305521
444225289570366316145047451124532517
5337712918920138181
586413638650785516282613926661795796749162713816337350663474245087
89189259946189024857191627203354349322196672385298143385492272536332482516668874775535090
8333551589355660894140229188767701034285160588138982492335799861545912455218714
9399821562164413282219310191754475542425033
37373142294687812824345988255229
03668566326986288324362113671543132769356
5579647603522607142163568149397971785708348526693954629677533566962684362827794462991074859
30608967381059922555697810779972455561258292214591315292428177244119447929371541092842021
463458062977545333042798357406172805574672189
291944813483397491354010334455
4196659439010398291759547571535283907753331566165021271
8857178679212106889777513825516723221271527933129143302932418685715308415984476751989974583358311273105843924
53733339594968940113984406655817529398392320123378682535817883248945844359987483489239296720212760
2481304568555759438
333638683598957098876128553413446973470306567375022129661429094302962177998778971585235118681873338
2740459289634795216606733407672707373287760396493998949897972
17616024954076635243969272686245944223548139483228972259699130
916299839162358658805878
7237792770182755982477574520
72304623653785532395333425793898686977918744685287594739581566764290293927821574
72897156043311786697697514424
72381417809270968070422454475268
9372599499505216823471058972575
4573496768252115784155378780963379988648594034665093152768
66709733382376534813908793382125365973959971349528129732625394875723950314533210451948340817199546750133252
8191915830923354318386283818388389941830759081
32474136657175650758694992254430535
7090388920667953478837948173598890159166538527981123281658291229193183969494416373411187225950905068433547
702267295179107082806151295206639833699595195456991331684313869819573081271261881690468883771453676928924381015
5154175853361535189599318315228155821926797557297796274685864939557444375
2279455746193921582881173556614672612526414
2188144867287098732845926747457727784663831329291946558
813840305768525641805385995283767961759497407699317068630561211464933
11667816478688760488194452122975244390741154385759311284297650892686139344139426593999823647891465354191
74289644981248550135094264472383624722428
265522274686912114877770388970959184453762901007886
662770928293208179635493
154172853663698152322362845306156668826597071313509457959788103860487475178281
86374399456187232099531397987093471155862331299737279748211297161142785065506012542510447351581089
543387261213868526832897732404382078877179224
35833717979150367014156992792117693357646897256868916262979745861494781630483031563011488380706937343798645
46461095445582104912793160914689177697557399694733344327880807779907275976859818648130269599177368448279229322573
5496333386578356445858262661388
57398454214346507524249280308865152722231486200
189054373976470414774859056626697331077156502175936476641928532492857994527929217734991537251584408136
37284749491369036587030576549285510337356176724861499928694017232443706780603908334994835273971228
45485322122921755366101113
20541797072808819434616394169426911164331718883
486188201981041532812436158609549527572201828378888722012
6661223088576589668429589150476793926895466899385134489767665841979850555699629228
256158581221980497260656476577566723887421
6510523634444811263483585681634927651564568512756004982576996780
77356531981367353335692511
6729193148083614883465866531343887875394494747729965540688959498906407312613982473
87606517355613293143102798504787619747334076679841652215299928917717673
5628678326698365828012858341323
252248777690464718713276281295633865465599262085612498
58257278334373325191335193148159538324194312066163390674970723127014135539
83489423294172784120303340961
93207949610586856439462127652631411506493927617236137898133341643849274817834464468405072613227022619784
7332765755471592429676979954037161832302179448973665213
831815975591346183827375958849996070283043727323245
375297740821854803644826318105414632442456827252861789327941314535977159296055893858806522634117961
145751341584967255122126235138799276890775423929692157633571728626149628726883
98454839377628385383134679599882034124472385820668389496783112728116665879539378689192590974577942
5222183563203468382
49393344957874636935896084863794289046811264167536717319544765339999986772549471290599677484257388838357
784138451783942293828715306272017764965187555997586456895735932271961113930167896949479670647219
7885276951832842719775091743546533558475243474734399775204054579430531214379234674277939731583038945763
8836238512437866172486371443814862237755726065549912126292965029198741146559159059
736960743135513971256616368252561212742926635784947426548573017174484839
96763564541277759119209542793011957176881845921915258167654
1947754874186846287473737527933280217299191770
2889463534963337545972263597319245854839278190989860
40126575462781791636382310961159282083382692775251942331
72396047853929167176302734187311322699166999791181662286174677321412220191926199299538128128252
4922324153027949755353395573582751117881668456780791911122086682227735281515658
65795744306822637542994238813345333202155994659805112886118357997922327619891884052826392475097802270872217985420
3428781325713648434472475996904453924185671224418122951323835121703740374176234105040641841185784852
9371948924787912904812278812016256116755474689037546885610570
4158292022196934985788
557625712780664772949059
83578137495149512446487543822834426991395128792092
95649630217819238120265673044732018561744567084595015804376109040672133692
1214753196195669901386342187032588512531374955332019
59397626146022851691758129625489328707099538326
592160808571191397852520719463987545603034931734156840984641395145138992357647295909266848641153
3048154511577713757433251144645450594339658365848816207647503281536483475141
208978507719745682893425327371669253734175647
326785913358321160982346516422621910759176674416035760528944192635523619159729
461726731997839488121484132640238692648263426967798982281883596403789198725657537
25852259696897959844826633760917432244392
7990796271118822122717184996293397559686673946
2258587196478517157624139836499523448164339871813639208211347999226632229867991287126447079781880
30668418574158695765
4484757322551750789594
2518619218837579496053069709923663598405759608346313183189
7892273739884944191866709333579225669786268190856473686663238893
8278313791214995546873125361751696088343390963240
823116954144883698342
263378438505525348934868519267971872835657494658554208063626969213392575978464564836491623630651986
4291649113812254460699746145457925225788670255306726
94628452114790752486889484348909152434561316413331995534563989278359689828717725553939130821795797978
63154016615567533217536409295669702788137922317416249766813983626543833957841494776419555422295754
8071528520595859411163979435431170607694553136292795839634161938140495877599941224887775518
3023185689158585503471665391945
7570291644773228474699244445905035578872592295782756492567790378168237
7493776698211140239849112288517
74369041674231755865642921387550562571206546181410
9510611236492781644614354265984995011496367278118496728424176522
3431971873266945826309284110867782657801445815686960419719640722080486741464423929733797467
20104911887623080593277
4984613510270665192633623375619
29902999299130102143954708890832301175661468292911858115986921159231
4161883267102058949510577177719158733429849788709090863421968145748
581835526545988743231855866144263546454423917999983564781336516810
72579248977145543870987328947567642619478366816872
35535571199635277785920862970115765397781659628062616987461022991781621644144522731861558824645
868189678142824326126578819892984274317326130395054471897949939613243418786209939833539031954926
8894739049299719274370664546198419918935468267105754608319942313196562496333285834615
1351588344125170716179257315446790
56248871581629136244232157753140714343426657734330888850799889872277583245874659322132414863342058
2434876717287675957564632854648243624175362569
3922102637316687775979357330732458240787730229566301278354171276334530657187948266297495483548923841854
121821692922814019477665981044191841502027672215338763949558613801257249311656458413085274792267294294
102942575518381171546749239855739650854541136777965
14888743936471444852131550887417316972167827873941450257922293104289
60525464657067532987946501340
344489112463656925758331470856835290282062876668393187069946610579025226051307084964121
23782317944709764628024324970501227413725340847524806897969621553052342775
0935233939339257415144153145177555824727522716401688122861948055986509256781872
5984621810339920967094311332528048886165278799399
957672793890417142622064565177408692914
7157122213632826585698899489311883453847534124935082385948688471264893
74172230676477895959140333893261538289776874645
2324636640893562192264811734354652893585584983572523
98259774886314299829485379764819270462163572823611338386885885
595371268221558374623290432461
7699255257378540232598609167244299827505362771594671118805316949313613050536754666662381191369093415222579890
2225368329309642604647182251854065753864932597241495
6441110249230218643193461413798343263711903165478042147660529216444788755195707029836418
34983218221958413638139710599542965159789473192299691943694503478698977949331723614134761
35766125431017296259
16307293659254685713902227628027626737593
627602142158925403442328810899675984850771030425975904258385869178805820598544831951020
719188485418579676431627422676013974171699870764653715725149548583491153544272707434454853
5150847249648471119437855137438686549140
63239860714178455682079692728169099732785246528
82544431705954211977253661
341125133994339678324430463
991883582447728166151322492506216466671349
4987675274804441562687240705363867
44322607868204369352709119741751786118412942335248399015712911431233451437820473090381657
682284491769536560953232254388866226062528098223993588639832614207531898196507680345323226241962234954
296371172110534776732359145676432875086102404217472228725758352827579132566753179
868820743958846358883632481012202022748216913473119249016447646450437487598427471675588047
77892370954881875713499960
3398914231662914472
27898803974235223522275878765838418938097605565224694670148051804025357507049272979568717494763
2337997847143672436752346110731812380102884972389687209210575359932429948455824205677313030645627459
318971709158018683964459315939073696330989412285817918476421160833430
636269547814489460906781534980991360573039359974718038532439163997117757111871331696732166466176281721391426104716
832621733244264332922615959277515533332277399533546219969
329887644366597558862869978298249487823112333648795799483983323723483289859994687
2118977122365531388911799017383650275950604810199956591951323703608960659098559167643374479397138898338
52888718265759777695976497947033669955298871397154927450803130685413336124629019595417
81481246466425853622395133038323634693265605645039942948410892747383994844232492885482
164227823833852384769686978614437518346079692471583054312570255342888943363799233996263606064414616
92927722466006886525149319057504442506510645265
2622347009161293698146165733171683615833206396842022902365684651389860610694293556264341431124470
85661628329457127979259153679997141723958182183224393512851128631
77869526477335146166235833933342515115862510317691828877
97434145214018854797578896023
742570135080447923796714575
68956191321634496938581676391843343565066897985427660441629407738599150474735566395716795662
63326294185671781875993179798685106798887513834620142343376
9096359967665267745757543957896632884904119371333
66194984104571616489
675898945346724995285514544011383211565160921358167422587457297
342904342905488949599847910938222374880532235962
119650149092719335610757472644788889601026604380359891499874604776278969983556118731
9973528069443230776340919735178219996754512104320769936308687553967768399612144646433
4798749620933582712056378803665625291289229762169907413574813855
2772107922661663184288056729013773222847873795
31512307466405340582132826329825670359598318756707732374690383764429184540394868173229040998749119532
327726213169223297
94244294921179226319
69844653354956145634
26124355883743231987743779964924571893719648010611479
40594506841545273429683480748357315318867614438764237
47984849184155716660523446859294292346031102674192309462693861193811387918614678653276504154434915617282
372167999057606195239926421224727857492898625849881152164425565
74916699692202234334761156
5466689164504416188941236852714869535828755567340558031139951856396965533783943061158515133235
924650477853591707723163844814334
64759180135833986069706913161960942571122508741388375341744243419156684739982852053543321264616
80761819188245947289186608524975875794396845081676
27455431573737575187099594057722681693657488058530869158666585
883092145193227194468761646108582678514247096621354283039
802193947913786842226123872227574113216535708049248796408196737490523968112343378833621092142294215764158891090
71187974340376331269204061112767232288
904327523332665685535328459092483504155904766912785664974518716941568799934353787881733319
127441274604614512271638987956788564175938164106647729933362626385286845384495555649643
501461449067766895539246
2464197633298743642698585953888951849957135725601070609831171759207341
7749986287455227553636127664903626609479587796283716178233077281221126
33301404229563217349264133419313025846006668254790362616275946805189107732742189172185174
40289564872690884687435368959478541957483715658862514531954336613813871719955788698835445298404842086
968181118611720198253105325618
5938544193856673257527652604765990347171172481704942314429094964613865581711286982940117657107644334861578183
14631856586637152584232243745183378093998373285041903306606484
50114554695030439356472893277392351076961217864618498824065642
963955788348348229799271
9992771730758786732126802968988265893895723830619
22336439328161914440771761449907299258989153713
2025288799613384664699555092842053886996132173546288
93104770398769529075054142611694463699865895517968693849205412682437
975358419121736615245282535313
999939976787458477856845831788326114045759487586663953405924058938925531636094448457662405473325212739586569718
3413278825476428541035316455987
75159207346827852965163285768125532890333402138686697567626314371311617
691498856883135061677851526537337292522820791163243321997841757626431291937310247663897936443809631027
738358550182499996152757687110841540924291871214689678873028609015974034524185485764572535209506053454415718615
96337477237478745724812921883568131
319486962065544056133641396665664439711740356110706991151
2259621931282571363860773026
2286199126545367674797778423352534723842749763396741694587172073881151941639704318477360322565804949750971892864
5128942517572863746834693833425166191646201857027766055927181449927
851321169668085174591793271566452136724996284267613819
8774601937823769428943535888807462695
29384819978427472017711163967487723728325727668
48894482781324198777848575273599
954116345281082419852484693442871949169816970907377262427121920805325416478262118360479
89441910254080156599389885898614347978931340596526128928969366079135212
217458107919191733548115062355105569384758735713948
2893725438286225337
7061662568768037677948746671
9464473989195238717294377914747521373734151083710
810702817171961814815884
612488613337963942
5223134211419703325414879932690452305306539617130338585640894243
626541406419957320577044976262667
49438875129484524435386994781536777361508232944460727079592028549355903550147935288983155866028991063835674328
4050509459375217321545819448299941580457743293450721479476
534039541645986817281225306371454317238646988702320693049713542104083745192946972646269700653923513732925971229
02455101639366883308978887995761744884
687045768226179526425188104276787758198446745716734654312501234474068735763515166916260
5372660222236697265088
574750320797897465068798904680613680894764249564186998397831482633807813597511613398
9792363324783288227522049511227341252045838556109617959529709273
978598539889012379376172788224733583289682959647688346861934510306472246
37636821653871771864667217756938336138184622409267419815863707383913873636743273415974171422459555
2243112185658536497875628760844755942816836613
39382692525578392064272223153034330889037341853178466268358643816579518127398589375965489684719837994762
81907991617763127828373965797624443265647936256845192760357141255084311991478321272061929989689522336053
18867032280718634458132958567103614153162076913414648687465736989271616535646
23421257601780986978698181623058693588
95585429652381940199434325195131457061675142818152506893658817111782347753269799618128
53524772341533694565687146127312497655974703723699847168691238563693974281919838306499
76713878184245752361298148384538948284432465877436938557986318601868369425416938705138609629630135054308980
71413892424619444978821915860136150
79324044824675237913345054725930482124
6466617478278781197603389568873243664577165112881215747
6585096128777653689507746706578143175430784528119929204652946337
49858866227817992487645553488297486194
9357453993929937144822267963284485771646477124674605968888461
525920658577258792725765992468338832105331366542462617355211475277284031
8923818685938436561741791757859526885147378262763781079571971968991559251
6525104494192989456992922471705234
136333654227961663012759589853983420241901745
1670746585392318277841691598833584442075797796478387376413927539960303278576271156313966876
914649732459823754147252521379332860917710268573131644997710632666408548774062144
159934308519326514241774820957639746939384097648269966097893654189952643894948345723118196099429483269
3674463648519812660775231857981542285724145338726827195791950466366634937442797733214341519795258220662756
770679750131268281357341398735642667391332218550091857886545357119976911381166361531
97514810352196867387467817323563199426
6984486909253218562188862802483761056158863341734812672683
674681573834787548486410298845575053735839585112616328499227967201324589955864855505836904944057195049295413
45716919508839636550632036632786216428771020878170361024197
681618704588621849419664213485856215958227649038299135279055959250671173271215757636914737181205834892586
73185928136856587173966816415894502419735393040879117
8598524478171283355152261734841044781268973725886717755934093199897642814281113264
981112424124629062397881565392905856155347783169523859823999333352817254256567564968615567709245693319593
32212388761016938710494337135357192063384255834803819531132516864846210
973456417121462992184431125166
5149888802341823881
88836645763818746711926342561460696565366354163910866219674851883705598233327
902833489321639841277523939094133897737367783227117548894441627485782
73628808151262397396147128614421894953548838193
93943152517735497657753055664323030
06268366336956557811774684291419640061630618273151355353756
4413913211644223318432898476
82176695529262174798545548129961736534899875275155888831417266119161158324328274383822
3523542165632992428147826930249348878462219383454127292867533739888941532374656680258956198943
452789318153425393158
985897234564890158068563739458046977873389692658383964248784058759444834287
5554124609292492218393276319760674626724942551897034839335816392262
640892480215363711330176797416175442977838611482251
423842352719151723072856141521034653778203456109220586623812171945529964195288507673631777
946381149789244293588416
3686872426391276673739
682394163693731481246795465350784719531217862541858744977619669789414519562159321634074
362361208977599857312586402457631136711479325290834945290
667712557715642822947591070478184261341566624126028277682054802813385775768795127906197389433
7415561759124686826520459547806974538218423860977112514049777530344955217816177954
248711737756931732184334548216459766571948487852572792268769855397132452978141396584729263484181513295206683
57602656686527526293077227887703379858172673885484357157849123662904482562334183217475547347780651461388151753047
2534611348525730608117301334782081124962306475204527952774807651679065679474505455678421114413479919695572295251
779828285045474420979827643548174942528033488940727044759976526037334087308732285
1697819712071515719397961542716670762676166479154319491137692355463627345784
82541876778446531166629
353642649807136863442652105079284
60625766820123411744375348155580869167733484948634734018101378
37924249279519233272240794387123115785959430351340043652280
82361211296253696579235806846372848474861987797283
15563979475506712894208538551765368699061966107533352380512843022705180933174136813208571749110838123
235828118186210516284216565149639806440176749238102561416836096473356943772808089459486842624127
19676322685424579052909861865856637276383134710674037
9020165494841188416830931028648334466
295362915369527579439547974132602973285918908724917220579491
7968158389675820625681146527127255186954273718597924291353390155357984377863396583363357490122628720179550239941
8325389375817035976108064156891578017854089387146889445294306530695852804199419332
04918321847279443583375064423329245439
1974813689271819272992490554949
633825649244179047708149056645576562657050876926425936618999907487649797648509529217684745762554
6353197930124548119601896761976468786672228393218169983598255034429
263467223437716394719777785151
242162289144740179169504748366670715593866440593694347726441961857187716547408694376979259128185889777
4737907153836823413830645630564514872207997118230967080741623735134410966433893165459981175491147219097
64878792075779991971347975190939981678749469
44913086599276308135
81532684396233924
23327944565997377255038849202420058733161094
555486707770497427662552749797688936888188940761443447689747245291015632178011836639557285951768335472463
79098214541176216983850197483483156691123274611742226
34293684393119300792129895628478784299416626872952105540441215961652092362931623476670105149409308111
4031304823868997453621795982040669588336650841590296723
9133827481576023545826162773674714854354189565476468495692594125876389233511588619356886675368061318631924286684022
99926937641711516117661671728955385636
2889259682996343987321810389335378448239649967594286740756201684685083314682467906759901129
69996882052688744959364127732146163604320808587373687066844587459327654596524191985557537708853828373146812
51475362148195419993375134294940
296653441175521195978236453596667921399169895417996331673142291491592
13808244398496216176307898882845818411424672998583066238896718
2122133538824220609294037904878524978675768
6302925539298755734663928865120479257
87951785339292133545915353668793596372114284952806907278386417338121873471958537873881594192428
3724817458897598592838747112
239951963918425872846747924711731661149160193543682457128
27204218388529622196914528067774828919188102784696181929098866919808891769723965815691472986252896935133
945864368258278346890151391324648536020375739233669566956812
11387599370578222244714893141363516336060667855842575483060494347836171770914117
637214697305419902049985674734433647801484498454932524502787229388124625266341169075904679755279819639369280
732271406177541395881512
54772229291894816995137533231691638644564773106069997581297087589216884558361357885010723369154955125
151454664287481274656439411836610231620952416251487456260231766425964223324879759532
9838536611068526219189273493726797832539658398585341714646741786156954
273395595963823269472879964565854881915979234806534538313732102279
5846483961704189615874701427482499101297
756115456752126873224352385576475
18988288964805128294886454491062768340631565503850602257929792017
34391262681202418508680267073428538927688
668359455529416634480251292268962287595697684835693114697931281539888214597
7422305211448039398736598771658034127880761133869967056161094903276439620753512142371247
335364132975986727171935332929761451910789497909206163195097533626685891752683472420
961591157769617459224772856623357178979063387685941406313934896139763860386571126444
37256473237119838778174218178515542535803598833817755277944515729404732593071379976113235964741223421
7441242160459567458426129931295
8127336498166442519770345544757917353576446135867416318611253292417823324453673157028114560808147562594363
9522757254677671287856522393789063653918
6642672737821049293224138437761715618763111674741227353113779774476447986938716962611339233647936479
2673215282260141573667964377368062225028391733830781072623697359326575479501115
72911429983876330194531983653143071951512654798
40557965998078314585342749032574069117
546647196545702838788377401037715622573579476836888999474034158332123304346873127150
88769062857741854530253429722615738448466079906447637671663253660952046721431704456
808341536789027204243685719917544481649154101568938512142378177
36306253102275788854229671882299288678926451842299668889241954929937389722802680
60370662085575429125535374381244114761250764955058367212368415650874374198506651564189683752164317187121657432
44373011953298913992894258929851336640863435352776183381979496115493664784583626688024721443120774855307
40927171488084163777
139273406051632195997713745261941019445442672755118128052489344738557792895013862250
21876240831635501910
74814222273848649579663729322338259456461848823583326938647671941424680901127692964506140549699
972852796336122129986949
91169033791826034474745870736874719726
1414349664554534653650869817823411227158738
66335554238685652545217997512685533463464
29619168998080574468658668542583947270447826823113401729229358833678
5943607989885934143848871848416318852859257339568
462525797643666321995617849640203241835126636229739576936312391764491428377243117299
442087244029676086395162954795593849705417159181173319981049337697283101270409322548869
86905475634986871669548867528483911881956971054175516631899222
37456244624199411467511868651579560809566493825586729960
97642521624992912398475777026341786661351668877154112315
1247678610687871336955846778732952599603067801890342913112556612745274958245285208850777535241348483
1435183575247127059872233825778626130263878988431
85671189984914745327182818274048111957264272322576
593977094674545696059635054389780285789722959451699578070534010309249789119496082526772499905988244046
53303532181897956749243497129943152169366293341173234341190
8095755932873787946759
721522341331349983238248262142397653934062257951127318232709542228275337563
284564227560309852447532968757661136675878899285953041985235788432135493317998513756961147928771547889436
8362738214606022433956678565292837359852857568326362219693458663825275147
94038748731328089823374571773152821608479792345826441106533654337236655377478651
1082690366753445509137647963812814161528432818180198589109571168626351312326338891284816618
8566391747734919583829536146913933452651975310629092286029634595362952812148624391
35557439594059194521813513619595259290805585819994673958989362497111656327270486036622283947769979
392888527832617725114831922384650389462268846217833869627365327463854301771220373739602737
832444446161344968259694012488732692026234063123175
375651145295751097164330273695757598304470561962713193
133630642831277937349526831794787797689759845946068775159918
3566599841024856292689449475328754256263928678044753114791349373002193245871779
7864653054799157185137627820769867846167820955786924
42878140938195722552422841566618515471561164533770644624736918
596836306058738851
1266611281758079857797256569825261127851710914723120115225817201929544693355181279742077994788788454128
29257582793399058054514139585933834241585234
615351421659296997182507187307790
49302087169654219581878722314389631309282226322565
563771567434436399838109
81315519273827120498528115188471558287451721043234853845694173949366687909059944011285581642736
1176322119552224397871561872443660
19811883974647453539860647492854547592238909346606543967778274911458473190
534985177629557329149567564066165896587399236503772759732633267670
143737688188390935021562413895754726898569271162270153622
6362995165372440989719317547547151
2883961832219986494212457842391123393108212949594833105459398955
434656452469548916033919377507231364977095753994164212186551690203242662790988
198554493444137251333144734658669519798696189986357098991448813333878319314844348127
7472265084863039155011228239358577659445
86444705867938735157989979192806049760364264519164612193115832551426681485316638457607549
98994886416438848051626151658708260361584283232640845441764292764278696685438721264878022
354629954012191845572453114375986829663635
99694731445793795574749586451390038
425431393247981118442106894150468629112559698536240530288945856998949797385733591
41915221180305978832171887399787846347542448859734593325226219312993949
40627119511073316688307212
1065164342905761748655689678743637
3239578627971699995819127714556771164110236258548846919045754554843133810849095926260692815895231821474472613318
63317369154248438905230412033274137102351696823305393868056175325
793214172318997982511261921241652933627
77117094644181580412481697468438762539862869689705753923030
882969621722168016426844464
8758971045956544657711
586488277957247381889962851381385291
3682204228291381577239741319537021526091419
2227162618554063713481794615152864226996131213483827876437221751714369
75164823854336369574317373924957939295715728169898440845319198087685572114361581892314336
67261924414357103241368462288789563333197794294786129075998142775267189676808070834916573795184580
946455685579960832285842155325035652071148828335
68516429496138867037987869115574709076575548286989924768724411887412112997119749225064277786695343245424454385
4593165681906834541955517677192256968782425628489913
0377296973482665144223
638666962886318258368927431846652743265
5953107475777485401333641416776995617269936731615684220652431703439746168046
14874316839424021238846913663475835875345
61879578936260194359618876941286733838519116829182126680858631901624
149694297688657946784621171771669915430605182174279987835263490107877
22594272793084276985395936573524250654751
9040909489548446490169572522393371499822183725508890979145363338782779357523521791478943223532
1510944354492269435238268131247934722165191899333736836625437207844528690876172567536
84783635699686540122236742891472898725509315906404633
1127990018686553850
2510172439163164187631834716684882112391112925051040182672692845031
138442403869981663192691249214553625534837765264461522787171282572
587481614195336396395521089610543984621494184394387448482144584725205197738836883588994336619728976042923085
113969328327796047315772719461682124971739899221041664178
89963174791053395836498274395657776603265
759273162230786426613857291978280
399360522192323488221116158484376715193769151
4882159847549159111330353686755997432634281514317467160977295975410955317866480047158833
83382569664170611016857066966631528596945978526498493381888375327632245492596660443626535442688318980502758011
819275347138561794076601320499125333933886351937627789258127726549397452143924252671415939
8595837214203443611177881834264528766197920613188768499674095435787649506293112622519625466077332696649910
3831385772856276490966554783176812712788306166797765897342749484288098369689976246519277
4801446214634192288217859737946259449055858770833862601736174938
47236179839629064250371541492786517886918068585860956144994643748225847702079257
25779427899741484460418614833553482943725777854953619559
19386270973748127574884192346665740382693389162287131472942173912447257874516667
1327985308174167090383013698620243293497518485296234159065565692556174888890107828924450781626621075
2390289846438911097375829479820577701732318980935155823131246029703703355
1478181376907059023304554202599713382556458154529701662783551926569694592851152824658224
5740807398471879708694482245923966503377798578836777932153519810433183
173088674862644118291875922729057916751642026282984517927618657658852572
26849134332373341805292442447664542337809454564
206221768027536437844935324225335646818976942657487116394742615264282231927135469595199655567
9613242441082853325509349
817714942113769898136370614062253
4914734342485287346885475541971986684254979467
90424379144542630786358
9810375211867172431665829122670656813875
813434599745151143260968986
90517903292782946671773242154107666052
96592344499636251664251508682539528726454483785944741997842
654168265683772325802563627810433749751115625532814
11140428066996395744076995538306581853930365036515720841412601523010
970143562428617811682145373459075339333537747173762403824
331823208166798997533652966271349564
4166177980106955830
531197170602297938826512498550654505970209051825989241982046613018314292
327383597685748087333723641341433756454222636925778363865694655455314181642815198890
259163527692633518433555810762755323439731635383224173992350428634972983
789975999833961525
4109376228750731006748551755855219373070444121798027466738699733176481878732878412886108371145460
563797351825817650197575503752181491124230985265211872811448375146
71597217673487876249910735322678320714841892074369635415
4765965787134249872195418191318829185812
6628912065997576276577343191581
9448464673359024835825427653859770852498129057379440986121508679861324415548766525189330490524115505577425199
2091723941304652311659976901721202164241479
363362393255344675953957995806270799013481285227610367
9522703462537117164586273106753
8463553275405432431039995136991199480821796417969519974234158389642658897689192308291879512781458
27690627415711698117945424833452695758866355509321856703514609342535195701729481353311698911261749412451
594216465776915130949852965733447086273885364911550429138741233901042192931484354413888232467626136324
28896719643252694467748397897343541357382595049
5368813501637087195491774837559728854663
5094216144718287619484121169643415974793988504765859380632315354924977275759859871749567
3844251120985950278323756555975383146382435119890321397470253744504816
8188472855774372228617625249710611015195093252860401177654517
73896845447183138535624446235499802550735030854342148873221125762
6437198973338571579170
726367306297677184994448566811065374784267270634327
16723879914132543899777450732367956689694153372
642571462591380455860519143569788626671583
8330919798633678542962602061379411106969427837907242344442632288237773865374595995671295
573544511333423737658134446614441436380902556518223632988388723
36153273550791467355066481446966236518584033872972265254174122496627517318979875065236663333287
97913684728117614801736
633393382608342584040693379718776142361868324639856803437165022268357864491638092349
206411354024732348362156698948558686393251371716176172189073961826464399704388430951
6114105540634498062705232605971182949657218716418216508662964776585468229977541399645591769784618951971828712
1421711504521414435543976843
54728384195379907713778930844845367349888916484
8167389815761164232217374983938869
534063409151837358167694870588180719722567147306986349721561146853572036647173276665486473458978146856
521703388542550361754345885372035113971339607279841225555530727636061406298969846777372649243889
20724197601889683776682951464701560149325866493188359192691664
626795174822892167573297749312681850
51729994176810816171431950469484263815497
247815924865286016111
31735144454764954510807248337846182970974514971094979952042
1569961268606013229237
1568959790929456425651513598727716754537715758369705618288675488224
184768279872624944926519372434659781629367789641617125041328125149391
50174515363469313328104910
51109468749662782526817417824770336468052547084875094361292156426184285898
2491614174864592432597638816026846149698816052439733539591882083491399776833617961061
97809293317468317316225060107095113642013245275566276840576573495942365
20561470687693638729195994956421508301975578448795482124427325241552070035572966975133975168492244
446654490674527514921669916560
6963155512662361411968064865465872162667311
32309088837725240177523583662828628187383351256973029607013920332358086887355
913043198530055558391193940492153193445723730769684742249572677767381497
42113231357386584420561698676785423733070459701236666274
481901371599175971732880114101879834822846549382
89735662156921822039949112222376
949174211984017432238508399753961916183253374192538414814718288152344504362931852431
926461547873973581612521626235187434215385639836793
63978225548264935574919262698502985632277376422356889
7917342682824842131598351856149359086942265531129764649652674256947
279522126338429199730687165261816726382701299968676658695551342301421635050344781418649939983
46334558854197615935966485196152412657546658393578534036783870
551746682881299581334396575514322319241345026894263683385928292618012901342859475284332369173840979261158166733639
73241531431188681283497688568377560465487106431637917477132112376896557616
17278024717778158495770509338415237128439
724288341484758272713749642826478294179798769729163676451349489
303087415767548363961879274773679607551518140797958183941123254111185078723393203254751985821080
1425934530742825374230672080979265426469
201769227287416813341343609320979722271642713
5639375671393886720907615820957115551736414588331534296396744260
7473509393920555172274881091246658345041
377959947320748746473739402992473264274125080306015801547391853285114599850635429816349849500855
4230995044637073682793491527375293982153916258877915633364527189629221449226127171686323429052
94192757290159484058911553969903368591918870181677342664289767552276737229238808149
197863937779459927137613919393896016388806203842334030611
2979311949390769555062489174495414105577104571
154486170258636545655117810624011536760833701510336034819887359815111681816257479553641
471412748347410673496488484358385403696615412388092936985406884732437671717344663588502223356359837666481498925919
401458729653927352631113715135953850673262421402365519495513461977027469762728063855266219956235295082342572094
9786765893478539969964776218180748088983770481973
9336286185663744593629503329666243684376427564401234408459351257192669
53179234202515863959682874957
765037634673154931823414675258786956013631298143401720881296381128481551946339512520389139335152
38345797697054926220121766902041629756136677705487958252
1045578052194723670910722726911255778332785936439559918369889214094476597156558779013
774199377968209355434855879818326398971436560235914801561392991347767467966772
23722418279319581907185926208657763030777719649505254753977994218817349295492062378
966474489432565672165717592114915237378
331664772853483819810294413
3379274620671111728636310428879493551
8619199648161062643865994425675589394177944208283217034791
6369267931325726706225158892222984166782078133998389587461848982626813
3917401732806179452367764346899897243956505292403576002384071789410
1916863844293685793497042592286999931210
219801175903338611
4558882847491668328
47202880616483882745695292454555937
0660996854184817939050833527554912953296217528978839533734751254720311720486363504666254735266
1541116930904787577772654244685941985578236348909744276947843364212183217967467485535032
5176533364573354667499454798990212857157126983507485826530859335705792551111151257699247591311919242883
332049678531478667487118250749763316655307720
917292759260259380102484404311275493292842921189994372077856337669042593195283292919217282078272958692221292115
45457347099288124734372815574987911171930758849618781236719408043638071448218302098972947362048533930
357798138986365079179342491638833421553270843175731609661892896667861765985744
3816182899415588729171
239971580256446425569751465426835838311042336582556533657557554235679875483641244026698247249385832893201050
8685236139466919332454503611901432246157174717202710
60695985429594675296561571114182537157769244768411947312366333946139237285505326358267451879
932518092279995913510242923164481551561812824563427674708562145
7357136445244126995731471038118813053289530556567
1324438811854789447545568845192646373459904087852294241892632974465675144139815878932667
53605393090159444954371538861245315018651
42329861331414466789810754463699435237291693343193529646816940
1983316965376946333969409065447994607329911833396514605
778137574665121816603462684281142695452529374243974723776534381796184043
4689666632488086547684315721730187375487980
60497124740254582916314919652982436298195533
92859897172127221427623924968288102684152485154113607493883521077447278
9298618323571863204499356873873051867444261017268761511785971035584510166325885924232783615383653958965202744
957677928613384757147159592582866195394460302704874499233898710677948323432595326064913846299994
54515076992425435867306834621618961772339018768065531112626657876422953197311865531721799906652202085623813
19256645513275802657859782
3779567309973837193203331347587530535033778356387206169689769956530438657583856015
5424395927439757301244325132322712328375842722121177278796032559991349488917753878078031
8161351788981991754774866615517534264938541467373257328789771110948099462
6880733441803462267406083833811558104586981815896971512096190
93508402428328436706970862832
53925420817692849688554810609312203336065738988425926224395896165683441601889492537593730
1659583384477379589915361121147770
24271754129639533453142536356629886
53205312529860943290122589898021508226439583376253433086782019834072479222739749
3840641142989085947374879699065991084825092995838886423889262881424023418261357359586
51569588399749204484982279971537952967176375389246124194733451905139810401452462275161
93353643142182066319737788293
9620539660793856973368324932879469263886235693849524678853936
3019593145964282786592467733261254061579466186683283
384262325991260755788555633189695535541385065591229627489360879739622390268366362421
9140529695453446629189854016853329
208761065417616549452292867589337223313567202078954018302338692948347177883678
